app/build/intermediates/manifest_merge_blame_file/debug/manifest-merger-blame-debug-report.txt
1<?xml version="1.0" encoding="utf-8"?>
2<manifest xmlns:android="http://schemas.android.com/apk/res/android"
3    package="com.planner"
4    android:versionCode="1"
5    android:versionName="1.0" >
6
7    <uses-sdk
8        android:minSdkVersion="16"
8-->src/main/AndroidManifest.xml
9        android:targetSdkVersion="30" />
9-->src/main/AndroidManifest.xml
10
11    <uses-permission android:name="android.permission.INTERNET" />
11-->[com.google.firebase:firebase-auth:20.0.4] AndroidManifest.xml:23:5-67
11-->[com.google.firebase:firebase-auth:20.0.4] AndroidManifest.xml:23:22-64
12    <uses-permission android:name="android.permission.ACCESS_NETWORK_STATE" />
12-->[com.google.firebase:firebase-auth:20.0.4] AndroidManifest.xml:24:5-79
12-->[com.google.firebase:firebase-auth:20.0.4] AndroidManifest.xml:24:22-76
13
14    <application
14-->src/main/AndroidManifest.xml:5:5-26:19
15        android:allowBackup="true"
15-->src/main/AndroidManifest.xml:6:9-35
16        android:appComponentFactory="androidx.core.app.CoreComponentFactory"
16-->[androidx.core:core:1.3.1] AndroidManifest.xml:24:18-86
17        android:debuggable="true"
18        android:icon="@mipmap/ic_launcher"
18-->src/main/AndroidManifest.xml:7:9-43
19        android:label="@string/app_name"
19-->src/main/AndroidManifest.xml:8:9-41
20        android:roundIcon="@mipmap/ic_launcher_round"
20-->src/main/AndroidManifest.xml:9:9-54
21        android:supportsRtl="true"
21-->src/main/AndroidManifest.xml:10:9-35
22        android:testOnly="true"
23        android:theme="@style/AppTheme" >
23-->src/main/AndroidManifest.xml:11:9-40
24        <activity
24-->src/main/AndroidManifest.xml:13:9-15:68
25            android:name="com.planner.NewTaskActivity"
25-->src/main/AndroidManifest.xml:14:13-44
26            android:windowSoftInputMode="stateVisible|adjustPan" />
26-->src/main/AndroidManifest.xml:15:13-65
27        <activity android:name="com.planner.SignInActivity" />
27-->src/main/AndroidManifest.xml:16:9-52
27-->src/main/AndroidManifest.xml:16:19-49
28        <activity
28-->src/main/AndroidManifest.xml:17:9-25:20
29            android:name="com.planner.MainActivity"
29-->src/main/AndroidManifest.xml:18:13-41
30            android:theme="@style/AppTheme.NoActionBar" >
30-->src/main/AndroidManifest.xml:19:13-56
31            <intent-filter>
31-->src/main/AndroidManifest.xml:20:13-24:29
32                <action android:name="android.intent.action.MAIN" />
32-->src/main/AndroidManifest.xml:21:17-69
32-->src/main/AndroidManifest.xml:21:25-66
33
34                <category android:name="android.intent.category.LAUNCHER" />
34-->src/main/AndroidManifest.xml:23:17-77
34-->src/main/AndroidManifest.xml:23:27-74
35            </intent-filter>
36        </activity>
37        <activity
37-->[com.google.firebase:firebase-auth:20.0.4] AndroidManifest.xml:27:9-44:20
38            android:name="com.google.firebase.auth.internal.GenericIdpActivity"
38-->[com.google.firebase:firebase-auth:20.0.4] AndroidManifest.xml:28:13-80
39            android:excludeFromRecents="true"
39-->[com.google.firebase:firebase-auth:20.0.4] AndroidManifest.xml:29:13-46
40            android:exported="true"
40-->[com.google.firebase:firebase-auth:20.0.4] AndroidManifest.xml:30:13-36
41            android:launchMode="singleTask"
41-->[com.google.firebase:firebase-auth:20.0.4] AndroidManifest.xml:31:13-44
42            android:theme="@android:style/Theme.Translucent.NoTitleBar" >
42-->[com.google.firebase:firebase-auth:20.0.4] AndroidManifest.xml:32:13-72
43            <intent-filter>
43-->[com.google.firebase:firebase-auth:20.0.4] AndroidManifest.xml:33:13-43:29
44                <action android:name="android.intent.action.VIEW" />
44-->[com.google.firebase:firebase-auth:20.0.4] AndroidManifest.xml:34:17-69
44-->[com.google.firebase:firebase-auth:20.0.4] AndroidManifest.xml:34:25-66
45
46                <category android:name="android.intent.category.DEFAULT" />
46-->[com.google.firebase:firebase-auth:20.0.4] AndroidManifest.xml:36:17-76
46-->[com.google.firebase:firebase-auth:20.0.4] AndroidManifest.xml:36:27-73
47                <category android:name="android.intent.category.BROWSABLE" />
47-->[com.google.firebase:firebase-auth:20.0.4] AndroidManifest.xml:37:17-78
47-->[com.google.firebase:firebase-auth:20.0.4] AndroidManifest.xml:37:27-75
48
49                <data
49-->[com.google.firebase:firebase-auth:20.0.4] AndroidManifest.xml:39:17-42:51
50                    android:host="firebase.auth"
50-->[com.google.firebase:firebase-auth:20.0.4] AndroidManifest.xml:40:21-49
51                    android:path="/"
51-->[com.google.firebase:firebase-auth:20.0.4] AndroidManifest.xml:41:21-37
52                    android:scheme="genericidp" />
52-->[com.google.firebase:firebase-auth:20.0.4] AndroidManifest.xml:42:21-48
53            </intent-filter>
54        </activity>
55        <activity
55-->[com.google.firebase:firebase-auth:20.0.4] AndroidManifest.xml:45:9-62:20
56            android:name="com.google.firebase.auth.internal.RecaptchaActivity"
56-->[com.google.firebase:firebase-auth:20.0.4] AndroidManifest.xml:46:13-79
57            android:excludeFromRecents="true"
57-->[com.google.firebase:firebase-auth:20.0.4] AndroidManifest.xml:47:13-46
58            android:exported="true"
58-->[com.google.firebase:firebase-auth:20.0.4] AndroidManifest.xml:48:13-36
59            android:launchMode="singleTask"
59-->[com.google.firebase:firebase-auth:20.0.4] AndroidManifest.xml:49:13-44
60            android:theme="@android:style/Theme.Translucent.NoTitleBar" >
60-->[com.google.firebase:firebase-auth:20.0.4] AndroidManifest.xml:50:13-72
61            <intent-filter>
61-->[com.google.firebase:firebase-auth:20.0.4] AndroidManifest.xml:51:13-61:29
62                <action android:name="android.intent.action.VIEW" />
62-->[com.google.firebase:firebase-auth:20.0.4] AndroidManifest.xml:34:17-69
62-->[com.google.firebase:firebase-auth:20.0.4] AndroidManifest.xml:34:25-66
63
64                <category android:name="android.intent.category.DEFAULT" />
64-->[com.google.firebase:firebase-auth:20.0.4] AndroidManifest.xml:36:17-76
64-->[com.google.firebase:firebase-auth:20.0.4] AndroidManifest.xml:36:27-73
65                <category android:name="android.intent.category.BROWSABLE" />
65-->[com.google.firebase:firebase-auth:20.0.4] AndroidManifest.xml:37:17-78
65-->[com.google.firebase:firebase-auth:20.0.4] AndroidManifest.xml:37:27-75
66
67                <data
67-->[com.google.firebase:firebase-auth:20.0.4] AndroidManifest.xml:39:17-42:51
68                    android:host="firebase.auth"
68-->[com.google.firebase:firebase-auth:20.0.4] AndroidManifest.xml:40:21-49
69                    android:path="/"
69-->[com.google.firebase:firebase-auth:20.0.4] AndroidManifest.xml:41:21-37
70                    android:scheme="recaptcha" />
70-->[com.google.firebase:firebase-auth:20.0.4] AndroidManifest.xml:42:21-48
71            </intent-filter>
72        </activity>
73
74        <service
74-->[com.google.firebase:firebase-auth:20.0.4] AndroidManifest.xml:64:9-73:19
75            android:name="com.google.firebase.auth.api.fallback.service.FirebaseAuthFallbackService"
75-->[com.google.firebase:firebase-auth:20.0.4] AndroidManifest.xml:65:13-101
76            android:enabled="true"
76-->[com.google.firebase:firebase-auth:20.0.4] AndroidManifest.xml:66:13-35
77            android:exported="false" >
77-->[com.google.firebase:firebase-auth:20.0.4] AndroidManifest.xml:67:13-37
78            <intent-filter>
78-->[com.google.firebase:firebase-auth:20.0.4] AndroidManifest.xml:68:13-72:29
79                <action android:name="com.google.firebase.auth.api.gms.service.START" />
79-->[com.google.firebase:firebase-auth:20.0.4] AndroidManifest.xml:69:17-89
79-->[com.google.firebase:firebase-auth:20.0.4] AndroidManifest.xml:69:25-86
80
81                <category android:name="android.intent.category.DEFAULT" />
81-->[com.google.firebase:firebase-auth:20.0.4] AndroidManifest.xml:36:17-76
81-->[com.google.firebase:firebase-auth:20.0.4] AndroidManifest.xml:36:27-73
82            </intent-filter>
83        </service>
84        <service
84-->[com.google.firebase:firebase-auth:20.0.4] AndroidManifest.xml:74:9-80:19
85            android:name="com.google.firebase.components.ComponentDiscoveryService"
85-->[com.google.firebase:firebase-auth:20.0.4] AndroidManifest.xml:75:13-84
86            android:directBootAware="true"
86-->[com.google.firebase:firebase-common:19.5.0] AndroidManifest.xml:35:13-43
87            android:exported="false" >
87-->[com.google.firebase:firebase-auth:20.0.4] AndroidManifest.xml:76:13-37
88            <meta-data
88-->[com.google.firebase:firebase-auth:20.0.4] AndroidManifest.xml:77:13-79:85
89                android:name="com.google.firebase.components:com.google.firebase.auth.FirebaseAuthRegistrar"
89-->[com.google.firebase:firebase-auth:20.0.4] AndroidManifest.xml:78:17-109
90                android:value="com.google.firebase.components.ComponentRegistrar" />
90-->[com.google.firebase:firebase-auth:20.0.4] AndroidManifest.xml:79:17-82
91            <meta-data
91-->[com.google.firebase:firebase-database:19.7.0] AndroidManifest.xml:32:13-34:85
92                android:name="com.google.firebase.components:com.google.firebase.database.DatabaseRegistrar"
92-->[com.google.firebase:firebase-database:19.7.0] AndroidManifest.xml:33:17-109
93                android:value="com.google.firebase.components.ComponentRegistrar" />
93-->[com.google.firebase:firebase-database:19.7.0] AndroidManifest.xml:34:17-82
94            <!--
95                This registrar is not defined in the dynamic-module-support sdk itself to allow non-firebase
96                clients to use it as well, by defining this registrar in their own core/common library.
97            -->
98            <meta-data
98-->[com.google.firebase:firebase-common:19.5.0] AndroidManifest.xml:43:13-45:85
99                android:name="com.google.firebase.components:com.google.firebase.dynamicloading.DynamicLoadingRegistrar"
99-->[com.google.firebase:firebase-common:19.5.0] AndroidManifest.xml:44:17-121
100                android:value="com.google.firebase.components.ComponentRegistrar" />
100-->[com.google.firebase:firebase-common:19.5.0] AndroidManifest.xml:45:17-82
101        </service>
102
103        <activity
103-->[com.google.android.gms:play-services-auth:19.0.0] AndroidManifest.xml:23:9-27:75
104            android:name="com.google.android.gms.auth.api.signin.internal.SignInHubActivity"
104-->[com.google.android.gms:play-services-auth:19.0.0] AndroidManifest.xml:24:13-93
105            android:excludeFromRecents="true"
105-->[com.google.android.gms:play-services-auth:19.0.0] AndroidManifest.xml:25:13-46
106            android:exported="false"
106-->[com.google.android.gms:play-services-auth:19.0.0] AndroidManifest.xml:26:13-37
107            android:theme="@android:style/Theme.Translucent.NoTitleBar" />
107-->[com.google.android.gms:play-services-auth:19.0.0] AndroidManifest.xml:27:13-72
108        <!--
109            Service handling Google Sign-In user revocation. For apps that do not integrate with
110            Google Sign-In, this service will never be started.
111        -->
112        <service
112-->[com.google.android.gms:play-services-auth:19.0.0] AndroidManifest.xml:33:9-37:51
113            android:name="com.google.android.gms.auth.api.signin.RevocationBoundService"
113-->[com.google.android.gms:play-services-auth:19.0.0] AndroidManifest.xml:34:13-89
114            android:exported="true"
114-->[com.google.android.gms:play-services-auth:19.0.0] AndroidManifest.xml:35:13-36
115            android:permission="com.google.android.gms.auth.api.signin.permission.REVOCATION_NOTIFICATION"
115-->[com.google.android.gms:play-services-auth:19.0.0] AndroidManifest.xml:36:13-107
116            android:visibleToInstantApps="true" />
116-->[com.google.android.gms:play-services-auth:19.0.0] AndroidManifest.xml:37:13-48
117
118        <provider
118-->[com.google.firebase:firebase-common:19.5.0] AndroidManifest.xml:26:9-31:39
119            android:name="com.google.firebase.provider.FirebaseInitProvider"
119-->[com.google.firebase:firebase-common:19.5.0] AndroidManifest.xml:27:13-77
120            android:authorities="com.planner.firebaseinitprovider"
120-->[com.google.firebase:firebase-common:19.5.0] AndroidManifest.xml:28:13-72
121            android:directBootAware="true"
121-->[com.google.firebase:firebase-common:19.5.0] AndroidManifest.xml:29:13-43
122            android:exported="false"
122-->[com.google.firebase:firebase-common:19.5.0] AndroidManifest.xml:30:13-37
123            android:initOrder="100" />
123-->[com.google.firebase:firebase-common:19.5.0] AndroidManifest.xml:31:13-36
124
125        <activity
125-->[com.google.android.gms:play-services-base:17.1.0] AndroidManifest.xml:23:9-26:75
126            android:name="com.google.android.gms.common.api.GoogleApiActivity"
126-->[com.google.android.gms:play-services-base:17.1.0] AndroidManifest.xml:24:13-79
127            android:exported="false"
127-->[com.google.android.gms:play-services-base:17.1.0] AndroidManifest.xml:25:13-37
128            android:theme="@android:style/Theme.Translucent.NoTitleBar" />
128-->[com.google.android.gms:play-services-base:17.1.0] AndroidManifest.xml:26:13-72
129
130        <meta-data
130-->[com.google.android.gms:play-services-basement:17.1.1] AndroidManifest.xml:23:9-25:69
131            android:name="com.google.android.gms.version"
131-->[com.google.android.gms:play-services-basement:17.1.1] AndroidManifest.xml:24:13-58
132            android:value="@integer/google_play_services_version" />
132-->[com.google.android.gms:play-services-basement:17.1.1] AndroidManifest.xml:25:13-66
133    </application>
134
135</manifest>